<?xml version="1.0" encoding="UTF-8"?>
<testsuite xmlns:xsi="http://www.w3.org/2001/XMLSchema-instance" xsi:noNamespaceSchemaLocation="https://maven.apache.org/surefire/maven-surefire-plugin/xsd/surefire-test-report.xsd" name="fr.sqli.formation.gamelife.repository.UtilisateurRepositoryTest" time="1.809" tests="3" errors="2" skipped="0" failures="1">
  <properties>
[...]
</properties>
  <testcase name="trouverEmailTest" classname="fr.sqli.formation.gamelife.repository.UtilisateurRepositoryTest" time="0.474">
    <error message="No value present" type="java.util.NoSuchElementException">java.util.NoSuchElementException: No value present
	at fr.sqli.formation.gamelife.repository.UtilisateurRepositoryTest.trouverEmailTest(UtilisateurRepositoryTest.java:32)
</error>
    <system-out><![CDATA[2023-11-10 15:54:20.141  INFO 5232 --- [           main] .b.t.c.SpringBootTestContextBootstrapper : Neither @ContextConfiguration nor @ContextHierarchy found for test class [fr.sqli.formation.gamelife.repository.UtilisateurRepositoryTest], using SpringBootContextLoader
2023-11-10 15:54:20.142  INFO 5232 --- [           main] o.s.t.c.s.AbstractContextLoader          : Could not detect default resource locations for test class [fr.sqli.formation.gamelife.repository.UtilisateurRepositoryTest]: no resource found for suffixes {-context.xml, Context.groovy}.
2023-11-10 15:54:20.143  INFO 5232 --- [           main] t.c.s.AnnotationConfigContextLoaderUtils : Could not detect default configuration classes for test class [fr.sqli.formation.gamelife.repository.UtilisateurRepositoryTest]: UtilisateurRepositoryTest does not declare any static, non-private, non-final, nested classes annotated with @Configuration.
2023-11-10 15:54:20.158  INFO 5232 --- [           main] .b.t.c.SpringBootTestContextBootstrapper : Found @SpringBootConfiguration fr.sqli.formation.gamelife.GamelifeApplication for test class fr.sqli.formation.gamelife.repository.UtilisateurRepositoryTest
2023-11-10 15:54:20.163  INFO 5232 --- [           main] .b.t.c.SpringBootTestContextBootstrapper : Loaded default TestExecutionListener class names from location [META-INF/spring.factories]: [org.springframework.boot.test.mock.mockito.MockitoTestExecutionListener, org.springframework.boot.test.mock.mockito.ResetMocksTestExecutionListener, org.springframework.boot.test.autoconfigure.restdocs.RestDocsTestExecutionListener, org.springframework.boot.test.autoconfigure.web.client.MockRestServiceServerResetTestExecutionListener, org.springframework.boot.test.autoconfigure.web.servlet.MockMvcPrintOnlyOnFailureTestExecutionListener, org.springframework.boot.test.autoconfigure.web.servlet.WebDriverTestExecutionListener, org.springframework.boot.test.autoconfigure.webservices.client.MockWebServiceServerTestExecutionListener, org.springframework.test.context.web.ServletTestExecutionListener, org.springframework.test.context.support.DirtiesContextBeforeModesTestExecutionListener, org.springframework.test.context.event.ApplicationEventsTestExecutionListener, org.springframework.test.context.support.DependencyInjectionTestExecutionListener, org.springframework.test.context.support.DirtiesContextTestExecutionListener, org.springframework.test.context.transaction.TransactionalTestExecutionListener, org.springframework.test.context.jdbc.SqlScriptsTestExecutionListener, org.springframework.test.context.event.EventPublishingTestExecutionListener]
2023-11-10 15:54:20.164  INFO 5232 --- [           main] .b.t.c.SpringBootTestContextBootstrapper : Using TestExecutionListeners: [org.springframework.test.context.web.ServletTestExecutionListener@5955568, org.springframework.test.context.support.DirtiesContextBeforeModesTestExecutionListener@444fbd13, org.springframework.test.context.event.ApplicationEventsTestExecutionListener@38241615, org.springframework.boot.test.mock.mockito.MockitoTestExecutionListener@2b3ee95e, org.springframework.boot.test.autoconfigure.SpringBootDependencyInjectionTestExecutionListener@42fc744, org.springframework.test.context.support.DirtiesContextTestExecutionListener@3db145f7, org.springframework.test.context.transaction.TransactionalTestExecutionListener@25bd68ea, org.springframework.test.context.jdbc.SqlScriptsTestExecutionListener@7915111a, org.springframework.test.context.event.EventPublishingTestExecutionListener@37aec9b, org.springframework.boot.test.mock.mockito.ResetMocksTestExecutionListener@34538ffe, org.springframework.boot.test.autoconfigure.restdocs.RestDocsTestExecutionListener@7ae75ba6, org.springframework.boot.test.autoconfigure.web.client.MockRestServiceServerResetTestExecutionListener@2bab1821, org.springframework.boot.test.autoconfigure.web.servlet.MockMvcPrintOnlyOnFailureTestExecutionListener@7f6137fb, org.springframework.boot.test.autoconfigure.web.servlet.WebDriverTestExecutionListener@57657b96, org.springframework.boot.test.autoconfigure.webservices.client.MockWebServiceServerTestExecutionListener@179f30b7]
2023-11-10 15:54:20.225  INFO 5232 --- [           main] o.s.t.c.t.TransactionContext             : Began transaction (1) for test context [DefaultTestContext@5a110e7d testClass = UtilisateurRepositoryTest, testInstance = fr.sqli.formation.gamelife.repository.UtilisateurRepositoryTest@b3cbc0e, testMethod = trouverEmailTest@UtilisateurRepositoryTest, testException = [null], mergedContextConfiguration = [WebMergedContextConfiguration@66e27ac9 testClass = UtilisateurRepositoryTest, locations = '{}', classes = '{class fr.sqli.formation.gamelife.GamelifeApplication}', contextInitializerClasses = '[]', activeProfiles = '{}', propertySourceLocations = '{}', propertySourceProperties = '{org.springframework.boot.test.context.SpringBootTestContextBootstrapper=true}', contextCustomizers = set[org.springframework.boot.test.context.filter.ExcludeFilterContextCustomizer@130dca52, org.springframework.boot.test.json.DuplicateJsonObjectContextCustomizerFactory$DuplicateJsonObjectContextCustomizer@3da05287, org.springframework.boot.test.mock.mockito.MockitoContextCustomizer@0, org.springframework.boot.test.web.client.TestRestTemplateContextCustomizer@7cf6a5f9, org.springframework.boot.test.autoconfigure.actuate.metrics.MetricsExportContextCustomizerFactory$DisableMetricExportContextCustomizer@6fe1b4fb, org.springframework.boot.test.autoconfigure.properties.PropertyMappingContextCustomizer@0, org.springframework.boot.test.autoconfigure.web.servlet.WebDriverContextCustomizerFactory$Customizer@584f54e6, org.springframework.boot.test.context.SpringBootTestArgs@1, org.springframework.boot.test.context.SpringBootTestWebEnvironment@1a8a8f7c], resourceBasePath = 'src/main/webapp', contextLoader = 'org.springframework.boot.test.context.SpringBootContextLoader', parent = [null]], attributes = map['org.springframework.test.context.web.ServletTestExecutionListener.activateListener' -> true, 'org.springframework.test.context.web.ServletTestExecutionListener.populatedRequestContextHolder' -> true, 'org.springframework.test.context.web.ServletTestExecutionListener.resetRequestContextHolder' -> true, 'org.springframework.test.context.event.ApplicationEventsTestExecutionListener.recordApplicationEvents' -> false]]; transaction manager [org.springframework.orm.jpa.JpaTransactionManager@46e38c28]; rollback [true]
2023-11-10 15:54:20.537  INFO 5232 --- [           main] o.s.t.c.t.TransactionContext             : Rolled back transaction for test: [DefaultTestContext@5a110e7d testClass = UtilisateurRepositoryTest, testInstance = fr.sqli.formation.gamelife.repository.UtilisateurRepositoryTest@b3cbc0e, testMethod = trouverEmailTest@UtilisateurRepositoryTest, testException = java.util.NoSuchElementException: No value present, mergedContextConfiguration = [WebMergedContextConfiguration@66e27ac9 testClass = UtilisateurRepositoryTest, locations = '{}', classes = '{class fr.sqli.formation.gamelife.GamelifeApplication}', contextInitializerClasses = '[]', activeProfiles = '{}', propertySourceLocations = '{}', propertySourceProperties = '{org.springframework.boot.test.context.SpringBootTestContextBootstrapper=true}', contextCustomizers = set[org.springframework.boot.test.context.filter.ExcludeFilterContextCustomizer@130dca52, org.springframework.boot.test.json.DuplicateJsonObjectContextCustomizerFactory$DuplicateJsonObjectContextCustomizer@3da05287, org.springframework.boot.test.mock.mockito.MockitoContextCustomizer@0, org.springframework.boot.test.web.client.TestRestTemplateContextCustomizer@7cf6a5f9, org.springframework.boot.test.autoconfigure.actuate.metrics.MetricsExportContextCustomizerFactory$DisableMetricExportContextCustomizer@6fe1b4fb, org.springframework.boot.test.autoconfigure.properties.PropertyMappingContextCustomizer@0, org.springframework.boot.test.autoconfigure.web.servlet.WebDriverContextCustomizerFactory$Customizer@584f54e6, org.springframework.boot.test.context.SpringBootTestArgs@1, org.springframework.boot.test.context.SpringBootTestWebEnvironment@1a8a8f7c], resourceBasePath = 'src/main/webapp', contextLoader = 'org.springframework.boot.test.context.SpringBootContextLoader', parent = [null]], attributes = map['org.springframework.test.context.web.ServletTestExecutionListener.activateListener' -> true, 'org.springframework.test.context.web.ServletTestExecutionListener.populatedRequestContextHolder' -> true, 'org.springframework.test.context.web.ServletTestExecutionListener.resetRequestContextHolder' -> true, 'org.springframework.test.context.event.ApplicationEventsTestExecutionListener.recordApplicationEvents' -> false]]
]]></system-out>
  </testcase>
  <testcase name="testInsert01" classname="fr.sqli.formation.gamelife.repository.UtilisateurRepositoryTest" time="0.498">
    <error message="No value present" type="java.util.NoSuchElementException">java.util.NoSuchElementException: No value present
	at fr.sqli.formation.gamelife.repository.UtilisateurRepositoryTest.testInsert01(UtilisateurRepositoryTest.java:25)
</error>
    <system-out><![CDATA[2023-11-10 15:54:20.562  INFO 5232 --- [           main] o.s.t.c.t.TransactionContext             : Began transaction (1) for test context [DefaultTestContext@5a110e7d testClass = UtilisateurRepositoryTest, testInstance = fr.sqli.formation.gamelife.repository.UtilisateurRepositoryTest@5b5f06bb, testMethod = testInsert01@UtilisateurRepositoryTest, testException = [null], mergedContextConfiguration = [WebMergedContextConfiguration@66e27ac9 testClass = UtilisateurRepositoryTest, locations = '{}', classes = '{class fr.sqli.formation.gamelife.GamelifeApplication}', contextInitializerClasses = '[]', activeProfiles = '{}', propertySourceLocations = '{}', propertySourceProperties = '{org.springframework.boot.test.context.SpringBootTestContextBootstrapper=true}', contextCustomizers = set[org.springframework.boot.test.context.filter.ExcludeFilterContextCustomizer@130dca52, org.springframework.boot.test.json.DuplicateJsonObjectContextCustomizerFactory$DuplicateJsonObjectContextCustomizer@3da05287, org.springframework.boot.test.mock.mockito.MockitoContextCustomizer@0, org.springframework.boot.test.web.client.TestRestTemplateContextCustomizer@7cf6a5f9, org.springframework.boot.test.autoconfigure.actuate.metrics.MetricsExportContextCustomizerFactory$DisableMetricExportContextCustomizer@6fe1b4fb, org.springframework.boot.test.autoconfigure.properties.PropertyMappingContextCustomizer@0, org.springframework.boot.test.autoconfigure.web.servlet.WebDriverContextCustomizerFactory$Customizer@584f54e6, org.springframework.boot.test.context.SpringBootTestArgs@1, org.springframework.boot.test.context.SpringBootTestWebEnvironment@1a8a8f7c], resourceBasePath = 'src/main/webapp', contextLoader = 'org.springframework.boot.test.context.SpringBootContextLoader', parent = [null]], attributes = map['org.springframework.test.context.web.ServletTestExecutionListener.activateListener' -> true, 'org.springframework.test.context.web.ServletTestExecutionListener.populatedRequestContextHolder' -> true, 'org.springframework.test.context.web.ServletTestExecutionListener.resetRequestContextHolder' -> true, 'org.springframework.test.context.event.ApplicationEventsTestExecutionListener.recordApplicationEvents' -> false]]; transaction manager [org.springframework.orm.jpa.JpaTransactionManager@46e38c28]; rollback [true]
2023-11-10 15:54:20.578  INFO 5232 --- [           main] o.s.t.c.t.TransactionContext             : Rolled back transaction for test: [DefaultTestContext@5a110e7d testClass = UtilisateurRepositoryTest, testInstance = fr.sqli.formation.gamelife.repository.UtilisateurRepositoryTest@5b5f06bb, testMethod = testInsert01@UtilisateurRepositoryTest, testException = java.util.NoSuchElementException: No value present, mergedContextConfiguration = [WebMergedContextConfiguration@66e27ac9 testClass = UtilisateurRepositoryTest, locations = '{}', classes = '{class fr.sqli.formation.gamelife.GamelifeApplication}', contextInitializerClasses = '[]', activeProfiles = '{}', propertySourceLocations = '{}', propertySourceProperties = '{org.springframework.boot.test.context.SpringBootTestContextBootstrapper=true}', contextCustomizers = set[org.springframework.boot.test.context.filter.ExcludeFilterContextCustomizer@130dca52, org.springframework.boot.test.json.DuplicateJsonObjectContextCustomizerFactory$DuplicateJsonObjectContextCustomizer@3da05287, org.springframework.boot.test.mock.mockito.MockitoContextCustomizer@0, org.springframework.boot.test.web.client.TestRestTemplateContextCustomizer@7cf6a5f9, org.springframework.boot.test.autoconfigure.actuate.metrics.MetricsExportContextCustomizerFactory$DisableMetricExportContextCustomizer@6fe1b4fb, org.springframework.boot.test.autoconfigure.properties.PropertyMappingContextCustomizer@0, org.springframework.boot.test.autoconfigure.web.servlet.WebDriverContextCustomizerFactory$Customizer@584f54e6, org.springframework.boot.test.context.SpringBootTestArgs@1, org.springframework.boot.test.context.SpringBootTestWebEnvironment@1a8a8f7c], resourceBasePath = 'src/main/webapp', contextLoader = 'org.springframework.boot.test.context.SpringBootContextLoader', parent = [null]], attributes = map['org.springframework.test.context.web.ServletTestExecutionListener.activateListener' -> true, 'org.springframework.test.context.web.ServletTestExecutionListener.populatedRequestContextHolder' -> true, 'org.springframework.test.context.web.ServletTestExecutionListener.resetRequestContextHolder' -> true, 'org.springframework.test.context.event.ApplicationEventsTestExecutionListener.recordApplicationEvents' -> false]]
]]></system-out>
  </testcase>
  <testcase name="testSelect01" classname="fr.sqli.formation.gamelife.repository.UtilisateurRepositoryTest" time="0.392">
    <failure message="expected: &lt;test@test.com&gt; but was: &lt;fabien.bidault@social.aston-ecole.com&gt;" type="org.opentest4j.AssertionFailedError"><![CDATA[org.opentest4j.AssertionFailedError: expected: <test@test.com> but was: <fabien.bidault@social.aston-ecole.com>
	at fr.sqli.formation.gamelife.repository.UtilisateurRepositoryTest.testSelect01(UtilisateurRepositoryTest.java:39)
]]></failure>
    <system-out><![CDATA[2023-11-10 15:54:20.584  INFO 5232 --- [           main] o.s.t.c.t.TransactionContext             : Began transaction (1) for test context [DefaultTestContext@5a110e7d testClass = UtilisateurRepositoryTest, testInstance = fr.sqli.formation.gamelife.repository.UtilisateurRepositoryTest@3d00c2ae, testMethod = testSelect01@UtilisateurRepositoryTest, testException = [null], mergedContextConfiguration = [WebMergedContextConfiguration@66e27ac9 testClass = UtilisateurRepositoryTest, locations = '{}', classes = '{class fr.sqli.formation.gamelife.GamelifeApplication}', contextInitializerClasses = '[]', activeProfiles = '{}', propertySourceLocations = '{}', propertySourceProperties = '{org.springframework.boot.test.context.SpringBootTestContextBootstrapper=true}', contextCustomizers = set[org.springframework.boot.test.context.filter.ExcludeFilterContextCustomizer@130dca52, org.springframework.boot.test.json.DuplicateJsonObjectContextCustomizerFactory$DuplicateJsonObjectContextCustomizer@3da05287, org.springframework.boot.test.mock.mockito.MockitoContextCustomizer@0, org.springframework.boot.test.web.client.TestRestTemplateContextCustomizer@7cf6a5f9, org.springframework.boot.test.autoconfigure.actuate.metrics.MetricsExportContextCustomizerFactory$DisableMetricExportContextCustomizer@6fe1b4fb, org.springframework.boot.test.autoconfigure.properties.PropertyMappingContextCustomizer@0, org.springframework.boot.test.autoconfigure.web.servlet.WebDriverContextCustomizerFactory$Customizer@584f54e6, org.springframework.boot.test.context.SpringBootTestArgs@1, org.springframework.boot.test.context.SpringBootTestWebEnvironment@1a8a8f7c], resourceBasePath = 'src/main/webapp', contextLoader = 'org.springframework.boot.test.context.SpringBootContextLoader', parent = [null]], attributes = map['org.springframework.test.context.web.ServletTestExecutionListener.activateListener' -> true, 'org.springframework.test.context.web.ServletTestExecutionListener.populatedRequestContextHolder' -> true, 'org.springframework.test.context.web.ServletTestExecutionListener.resetRequestContextHolder' -> true, 'org.springframework.test.context.event.ApplicationEventsTestExecutionListener.recordApplicationEvents' -> false]]; transaction manager [org.springframework.orm.jpa.JpaTransactionManager@46e38c28]; rollback [true]
2023-11-10 15:54:20.701  INFO 5232 --- [           main] o.s.t.c.t.TransactionContext             : Rolled back transaction for test: [DefaultTestContext@5a110e7d testClass = UtilisateurRepositoryTest, testInstance = fr.sqli.formation.gamelife.repository.UtilisateurRepositoryTest@3d00c2ae, testMethod = testSelect01@UtilisateurRepositoryTest, testException = org.opentest4j.AssertionFailedError: expected: <test@test.com> but was: <fabien.bidault@social.aston-ecole.com>, mergedContextConfiguration = [WebMergedContextConfiguration@66e27ac9 testClass = UtilisateurRepositoryTest, locations = '{}', classes = '{class fr.sqli.formation.gamelife.GamelifeApplication}', contextInitializerClasses = '[]', activeProfiles = '{}', propertySourceLocations = '{}', propertySourceProperties = '{org.springframework.boot.test.context.SpringBootTestContextBootstrapper=true}', contextCustomizers = set[org.springframework.boot.test.context.filter.ExcludeFilterContextCustomizer@130dca52, org.springframework.boot.test.json.DuplicateJsonObjectContextCustomizerFactory$DuplicateJsonObjectContextCustomizer@3da05287, org.springframework.boot.test.mock.mockito.MockitoContextCustomizer@0, org.springframework.boot.test.web.client.TestRestTemplateContextCustomizer@7cf6a5f9, org.springframework.boot.test.autoconfigure.actuate.metrics.MetricsExportContextCustomizerFactory$DisableMetricExportContextCustomizer@6fe1b4fb, org.springframework.boot.test.autoconfigure.properties.PropertyMappingContextCustomizer@0, org.springframework.boot.test.autoconfigure.web.servlet.WebDriverContextCustomizerFactory$Customizer@584f54e6, org.springframework.boot.test.context.SpringBootTestArgs@1, org.springframework.boot.test.context.SpringBootTestWebEnvironment@1a8a8f7c], resourceBasePath = 'src/main/webapp', contextLoader = 'org.springframework.boot.test.context.SpringBootContextLoader', parent = [null]], attributes = map['org.springframework.test.context.web.ServletTestExecutionListener.activateListener' -> true, 'org.springframework.test.context.web.ServletTestExecutionListener.populatedRequestContextHolder' -> true, 'org.springframework.test.context.web.ServletTestExecutionListener.resetRequestContextHolder' -> true, 'org.springframework.test.context.event.ApplicationEventsTestExecutionListener.recordApplicationEvents' -> false]]
]]></system-out>
  </testcase>
</testsuite>